<?xml version="1.0" encoding="UTF-8"?>
<!-- Generated by org.testng.reporters.JUnitReportReporter -->
<testsuite hostname="HW1632" name="com.appium.project.scripts.SampleTest" tests="1" failures="0" timestamp="2 Aug 2016 11:10:55 GMT" time="5.338" errors="0">
  <testcase name="test123" time="5.338" classname="com.appium.project.scripts.SampleTest"/>
</testsuite> <!-- com.appium.project.scripts.SampleTest -->
