<?xml version="1.0" encoding="UTF-8"?>
<!-- Generated by org.testng.reporters.JUnitReportReporter -->
<testsuite hostname="HW1937" name="com.appium.project.scripts.TestTaylorMade" tests="1" failures="0" timestamp="11 Aug 2015 14:38:32 GMT" time="1.897" errors="0">
  <testcase name="verifyPageTitle" time="1.897" classname="com.appium.project.scripts.TestTaylorMade"/>
</testsuite> <!-- com.appium.project.scripts.TestTaylorMade -->
