<?xml version="1.0" encoding="UTF-8"?>
<!-- Generated by org.testng.reporters.JUnitReportReporter -->
<testsuite hostname="HW0697" name="com.appium.project.scripts.Add_SamsclodItems" tests="1" failures="0" timestamp="10 Mar 2016 04:55:55 GMT" time="58.643" errors="0">
  <testcase name="selectIteam" time="58.643" classname="com.appium.project.scripts.Add_SamsclodItems"/>
</testsuite> <!-- com.appium.project.scripts.Add_SamsclodItems -->
