<?xml version="1.0" encoding="UTF-8"?>
<!-- Generated by org.testng.reporters.JUnitReportReporter -->
<testsuite hostname="HW0697" name="com.appium.project.scripts.Add_medication_item" tests="1" failures="0" timestamp="9 Mar 2016 09:47:07 GMT" time="183.474" errors="0">
  <testcase name="Adding_medication" time="183.474" classname="com.appium.project.scripts.Add_medication_item"/>
</testsuite> <!-- com.appium.project.scripts.Add_medication_item -->
