<?xml version="1.0" encoding="UTF-8"?>
<!-- Generated by org.testng.reporters.JUnitReportReporter -->
<testsuite hostname="cignitis-iMac.local" name="com.appium.project.scripts.AddproducttoBasket" tests="1" failures="0" timestamp="2 Sep 2015 10:26:47 GMT" time="39.228" errors="0">
  <testcase name="Add_Product_To_Basket" time="39.228" classname="com.appium.project.scripts.AddproducttoBasket"/>
</testsuite> <!-- com.appium.project.scripts.AddproducttoBasket -->
