<?xml version="1.0" encoding="UTF-8"?>
<!-- Generated by org.testng.reporters.JUnitReportReporter -->
<testsuite hostname="cignitis-iMac.local" name="com.appium.project.scripts.VerifyFoodTax_Mobile" tests="1" failures="0" timestamp="4 Sep 2015 10:00:28 GMT" time="0.173" errors="0">
  <testcase name="validateTaxOnFood" time="0.173" classname="com.appium.project.scripts.VerifyFoodTax_Mobile"/>
</testsuite> <!-- com.appium.project.scripts.VerifyFoodTax_Mobile -->
