<?xml version="1.0" encoding="UTF-8"?>
<!-- Generated by org.testng.reporters.JUnitReportReporter -->
<testsuite hostname="HW0697" name="com.appium.project.scripts.Add_SamsclubItems" tests="1" failures="0" timestamp="10 Mar 2016 05:34:43 GMT" time="62.846" errors="0">
  <testcase name="selectIteam" time="62.846" classname="com.appium.project.scripts.Add_SamsclubItems"/>
</testsuite> <!-- com.appium.project.scripts.Add_SamsclubItems -->
