<?xml version="1.0" encoding="UTF-8"?>
<!-- Generated by org.testng.reporters.JUnitReportReporter -->
<testsuite hostname="HW1386" name="com.appium.project.scripts.VerifyFoodTax" tests="1" failures="0" timestamp="2 Sep 2015 07:35:30 GMT" time="57.366" errors="0">
  <testcase name="validateTaxOnFood" time="57.366" classname="com.appium.project.scripts.VerifyFoodTax"/>
</testsuite> <!-- com.appium.project.scripts.VerifyFoodTax -->
