<?xml version="1.0" encoding="UTF-8"?>
<!-- Generated by org.testng.reporters.JUnitReportReporter -->
<testsuite hostname="HW1632" name="com.appium.project.scripts.API" tests="1" failures="0" timestamp="29 Apr 2016 06:03:40 GMT" time="1.678" errors="0">
  <testcase name="NamedService" time="1.678" classname="com.appium.project.scripts.API"/>
</testsuite> <!-- com.appium.project.scripts.API -->
